Intel i3-2310M, 8 GB RAM, Windows 7 Professional (64-bitowy)
 
  hits: 1
  time [ms]: 
  12.689999999999827
 
  hits: 1
  time (w/ animations) [ms]: 
  421.4849999999999
 
  hits: 2
  time [ms]: 
  2.180000000000291
 
  hits: 2
  time (w/ animations) [ms]: 
  409.05500000000075
 
  hits: 3
  time [ms]: 
  3.2750000000005457
 
  hits: 3
  time (w/ animations) [ms]: 
  409.6250000000009
 
  hits: 4
  time [ms]: 
  3.339999999999236
 
  hits: 4
  time (w/ animations) [ms]: 
  409.7349999999997
 
  hits: 5
  time [ms]: 
  3.2799999999997453
 
  hits: 5
  time (w/ animations) [ms]: 
  411.8850000000002
 
  hits: 6
  time [ms]: 
  3.6499999999987267
 
  hits: 6
  time (w/ animations) [ms]: 
  409.2049999999999
 
  hits: 7
  time [ms]: 
  3.3400000000001455
 
  hits: 7
  time (w/ animations) [ms]: 
  410.1449999999986
 
  hits: 8
  time [ms]: 
  3.6049999999995634
 
  hits: 8
  time (w/ animations) [ms]: 
  413.9250000000011
 
  hits: 9
  time [ms]: 
  3.210000000000946
 
  hits: 9
  time (w/ animations) [ms]: 
  417.22500000000036
 
  hits: 10
  time [ms]: 
  1.4149999999990541
 
  hits: 10
  time (w/ animations) [ms]: 
  649.7749999999996
 
  hits: 11
  time [ms]: 
  3.275000000001455
 
  hits: 11
  time (w/ animations) [ms]: 
  1936.1500000000015
 
  hits: 12
  time [ms]: 
  1.2900000000008731
 
  hits: 12
  time (w/ animations) [ms]: 
  5799.645
 
  hits: 13
  time [ms]: 
  1.7449999999989814
 
  hits: 13
  time (w/ animations) [ms]: 
  17378.49
 
  hits: 14
  time [ms]: 
  3.584999999991851
