Intel i3-2310M, 8 GB RAM, Windows 7 Professional (64-bitowy)
 
  hits: 1
  time [ms]: 
  16.279999999999973
 
  hits: 1
  time (w/ animations) [ms]: 
  419.2750000000001
 
  hits: 2
  time [ms]: 
  4.525000000000091
 
  hits: 2
  time (w/ animations) [ms]: 
  404.38499999999976
 
  hits: 3
  time [ms]: 
  3.244999999999891
 
  hits: 3
  time (w/ animations) [ms]: 
  405.9700000000007
 
  hits: 4
  time [ms]: 
  3.5599999999994907
 
  hits: 4
  time (w/ animations) [ms]: 
  417.2399999999998
 
  hits: 5
  time [ms]: 
  3.699999999999818
 
  hits: 5
  time (w/ animations) [ms]: 
  407.3849999999993
 
  hits: 6
  time [ms]: 
  4.139999999999418
 
  hits: 6
  time (w/ animations) [ms]: 
  416.1200000000026
 
  hits: 7
  time [ms]: 
  4.619999999998981
 
  hits: 7
  time (w/ animations) [ms]: 
  406.28000000000065
 
  hits: 8
  time [ms]: 
  3.194999999999709
 
  hits: 8
  time (w/ animations) [ms]: 
  416.1100000000006
 
  hits: 9
  time [ms]: 
  1.6000000000021828
 
  hits: 9
  time (w/ animations) [ms]: 
  405.744999999999
 
  hits: 10
  time [ms]: 
  1.4400000000023283
 
  hits: 10
  time (w/ animations) [ms]: 
  651.625
 
  hits: 11
  time [ms]: 
  3.2150000000001455
 
  hits: 11
  time (w/ animations) [ms]: 
  1982.9950000000026
 
  hits: 12
  time [ms]: 
  1.7799999999988358
 
  hits: 12
  time (w/ animations) [ms]: 
  5811.620000000003
 
  hits: 13
  time [ms]: 
  2.1999999999970896
 
  hits: 13
  time (w/ animations) [ms]: 
  18507.260000000002
 
  hits: 14
  time [ms]: 
  6.245000000009895
