Intel i3-2310M, 8 GB RAM, Windows 7 Professional (64-bitowy)
 
  hits: 1
  time [ms]: 
  23.960000000000036
 
  hits: 1
  time (w/ animations) [ms]: 
  418.625
 
  hits: 2
  time [ms]: 
  3.324999999999818
 
  hits: 2
  time (w/ animations) [ms]: 
  414.0699999999997
 
  hits: 3
  time [ms]: 
  1.3350000000000364
 
  hits: 3
  time (w/ animations) [ms]: 
  406.2550000000001
 
  hits: 4
  time [ms]: 
  3.2600000000002183
 
  hits: 4
  time (w/ animations) [ms]: 
  411.39500000000044
 
  hits: 5
  time [ms]: 
  3.3150000000005093
 
  hits: 5
  time (w/ animations) [ms]: 
  413.3850000000002
 
  hits: 6
  time [ms]: 
  3.2999999999992724
 
  hits: 6
  time (w/ animations) [ms]: 
  402.4849999999997
 
  hits: 7
  time [ms]: 
  4.540000000000873
 
  hits: 7
  time (w/ animations) [ms]: 
  416.46000000000095
 
  hits: 8
  time [ms]: 
  3.6199999999989814
 
  hits: 8
  time (w/ animations) [ms]: 
  413.22500000000036
 
  hits: 9
  time [ms]: 
  3.500000000001819
 
  hits: 9
  time (w/ animations) [ms]: 
  403.96500000000196
 
  hits: 10
  time [ms]: 
  3.6299999999991996
 
  hits: 10
  time (w/ animations) [ms]: 
  674.9249999999993
 
  hits: 11
  time [ms]: 
  3.235000000000582
 
  hits: 11
  time (w/ animations) [ms]: 
  1950.6150000000016
 
  hits: 12
  time [ms]: 
  1.4150000000008731
 
  hits: 12
  time (w/ animations) [ms]: 
  5794.255000000001
 
  hits: 13
  time [ms]: 
  1.375
 
  hits: 13
  time (w/ animations) [ms]: 
  17415.14
 
  hits: 14
  time [ms]: 
  2.164999999993597
