Intel i3-2310M, 8 GB RAM, Windows 7 Professional (64-bitowy)
 
  hits: 1
  time [ms]: 
  20.49000000000001
 
  hits: 1
  time (w/ animations) [ms]: 
  424.595
 
  hits: 2
  time [ms]: 
  1.7049999999999272
 
  hits: 2
  time (w/ animations) [ms]: 
  410.25
 
  hits: 3
  time [ms]: 
  1.5799999999990177
 
  hits: 3
  time (w/ animations) [ms]: 
  414.09999999999945
 
  hits: 4
  time [ms]: 
  4.454999999999927
 
  hits: 4
  time (w/ animations) [ms]: 
  411.8000000000011
 
  hits: 5
  time [ms]: 
  3.985000000000582
 
  hits: 5
  time (w/ animations) [ms]: 
  417.4850000000006
 
  hits: 6
  time [ms]: 
  4.980000000001382
 
  hits: 6
  time (w/ animations) [ms]: 
  403.02499999999964
 
  hits: 7
  time [ms]: 
  2.4649999999983265
 
  hits: 7
  time (w/ animations) [ms]: 
  409.23499999999876
 
  hits: 8
  time [ms]: 
  3.970000000001164
 
  hits: 8
  time (w/ animations) [ms]: 
  417.32500000000255
 
  hits: 9
  time [ms]: 
  3.345000000001164
 
  hits: 9
  time (w/ animations) [ms]: 
  406.15000000000146
 
  hits: 10
  time [ms]: 
  1.555000000000291
 
  hits: 10
  time (w/ animations) [ms]: 
  641.8899999999994
 
  hits: 11
  time [ms]: 
  3.2299999999959255
 
  hits: 11
  time (w/ animations) [ms]: 
  1887.074999999997
 
  hits: 12
  time [ms]: 
  1.3499999999985448
 
  hits: 12
  time (w/ animations) [ms]: 
  5591.580000000002
 
  hits: 13
  time [ms]: 
  1.4050000000061118
 
  hits: 13
  time (w/ animations) [ms]: 
  16981.910000000003
 
  hits: 14
  time [ms]: 
  3.9350000000122236
 
  hits: 14
  time (w/ animations) [ms]: 
  51542.485000000015