Intel i3-2310M, 8 GB RAM, Windows 7 Professional (64-bitowy)

  hits: 1
  time [ms]: 
  11.739999999998872

  hits: 1
  time (w/ animations) [ms]: 
  412.9250000000002

  hits: 2
  time [ms]: 
  2.505000000000109

  hits: 2
  time (w/ animations) [ms]: 
  416.3150000000005

  hits: 3
  time [ms]: 
  3.2150000000019645

  hits: 3
  time (w/ animations) [ms]: 
  407.0799999999999

  hits: 4
  time [ms]: 
  3.180000000000291

  hits: 4
  time (w/ animations) [ms]: 
  416.3149999999987

  hits: 5
  time [ms]: 
  5.650000000001455

  hits: 5
  time (w/ animations) [ms]: 
  410.4800000000014

  hits: 6
  time [ms]: 
  1.6200000000008004

  hits: 6
  time (w/ animations) [ms]: 
  402.27000000000044

  hits: 7
  time [ms]: 
  3.5799999999999272

  hits: 7
  time (w/ animations) [ms]: 
  402.7950000000001

  hits: 8
  time [ms]: 
  3.225000000000364

  hits: 8
  time (w/ animations) [ms]: 
  408.5149999999994

  hits: 9
  time [ms]: 
  3.485000000000582

  hits: 9
  time (w/ animations) [ms]: 
  415.47999999999956

  hits: 10
  time [ms]: 
  1.7549999999973807

  hits: 10
  time (w/ animations) [ms]: 
  635.2700000000004

  hits: 11
  time [ms]: 
  3.0799999999944703

  hits: 11
  time (w/ animations) [ms]: 
  1899.1799999999967

  hits: 12
  time [ms]: 
  3.2150000000001455

  hits: 12
  time (w/ animations) [ms]: 
  5694.515000000003

  hits: 13
  time [ms]: 
  1.4699999999938882

  hits: 13
  time (w/ animations) [ms]: 
  17514.04

  hits: 14
  time [ms]: 
  1.5950000000011642

  hits: 14
  time (w/ animations) [ms]: 
  51959.865000000005